<?xml version="1.0" encoding="UTF-8" ?>
<testsuite failures="0" time="0.001" errors="0" skipped="0" tests="0" name="springmvcDemo.JDBCTemplateTest">
  <properties>
    <property name="java.runtime.name" value="Java(TM) SE Runtime Environment"/>
    <property name="sun.boot.library.path" value="C:\Program Files\java\jdk-6u45-windows-x64\jdk1.6.0_45\jre\bin"/>
    <property name="java.vm.version" value="20.45-b01"/>
    <property name="java.vm.vendor" value="Sun Microsystems Inc."/>
    <property name="java.vendor.url" value="http://java.sun.com/"/>
    <property name="path.separator" value=";"/>
    <property name="java.vm.name" value="Java HotSpot(TM) 64-Bit Server VM"/>
    <property name="file.encoding.pkg" value="sun.io"/>
    <property name="user.country" value="CN"/>
    <property name="sun.java.launcher" value="SUN_STANDARD"/>
    <property name="sun.os.patch.level" value=""/>
    <property name="java.vm.specification.name" value="Java Virtual Machine Specification"/>
    <property name="user.dir" value="E:\eclipse\workspace\springmvcDemo"/>
    <property name="java.runtime.version" value="1.6.0_45-b06"/>
    <property name="java.awt.graphicsenv" value="sun.awt.Win32GraphicsEnvironment"/>
    <property name="basedir" value="E:\eclipse\workspace\springmvcDemo"/>
    <property name="java.endorsed.dirs" value="C:\Program Files\java\jdk-6u45-windows-x64\jdk1.6.0_45\jre\lib\endorsed"/>
    <property name="os.arch" value="amd64"/>
    <property name="surefire.real.class.path" value="E:\eclipse\workspace\springmvcDemo\target\surefire\surefirebooter4790059342508478142.jar"/>
    <property name="java.io.tmpdir" value="C:\Users\pc\AppData\Local\Temp\"/>
    <property name="line.separator" value="
"/>
    <property name="java.vm.specification.vendor" value="Sun Microsystems Inc."/>
    <property name="user.variant" value=""/>
    <property name="os.name" value="Windows 8"/>
    <property name="sun.jnu.encoding" value="GBK"/>
    <property name="java.library.path" value="C:\Program Files\java\jdk-6u45-windows-x64\jdk1.6.0_45\jre\bin;C:\windows\Sun\Java\bin;C:\windows\system32;C:\windows;C:/Program Files/java/jdk-8u60-windows-x64/jdk1.8.0_60/bin/../jre/bin/server;C:/Program Files/java/jdk-8u60-windows-x64/jdk1.8.0_60/bin/../jre/bin;C:/Program Files/java/jdk-8u60-windows-x64/jdk1.8.0_60/bin/../jre/lib/amd64;C:\Program Files (x86)\Intel\Intel(R) Management Engine Components\iCLS\;C:\Program Files\Intel\Intel(R) Management Engine Components\iCLS\;C:\windows\system32;C:\windows;C:\windows\System32\Wbem;C:\windows\System32\WindowsPowerShell\v1.0\;C:\Program Files\Intel\WiFi\bin\;C:\Program Files\Common Files\Intel\WirelessCommon\;C:\Program Files (x86)\Intel\Intel(R) Management Engine Components\DAL;C:\Program Files\Intel\Intel(R) Management Engine Components\DAL;C:\Program Files (x86)\Intel\Intel(R) Management Engine Components\IPT;C:\Program Files\Intel\Intel(R) Management Engine Components\IPT;C:\Program Files\java\jdk-6u45-windows-x64\jdk1.6.0_45/bin;C:\Program Files (x86)\MySQL\MySQL Server 5.1\bin;C:\Users\pc\AppData\Local\Microsoft\WindowsApps;;E:\eclipse\eclipse-jee-neon-2-win32-x86_64\eclipse;;."/>
    <property name="surefire.test.class.path" value="E:\eclipse\workspace\springmvcDemo\target\test-classes;E:\eclipse\workspace\springmvcDemo\target\classes;E:\eclipse\maven\repositary\org\springframework\spring-webmvc\3.2.8.RELEASE\spring-webmvc-3.2.8.RELEASE.jar;E:\eclipse\maven\repositary\org\springframework\spring-beans\3.2.8.RELEASE\spring-beans-3.2.8.RELEASE.jar;E:\eclipse\maven\repositary\org\springframework\spring-context\3.2.8.RELEASE\spring-context-3.2.8.RELEASE.jar;E:\eclipse\maven\repositary\org\springframework\spring-aop\3.2.8.RELEASE\spring-aop-3.2.8.RELEASE.jar;E:\eclipse\maven\repositary\aopalliance\aopalliance\1.0\aopalliance-1.0.jar;E:\eclipse\maven\repositary\org\springframework\spring-core\3.2.8.RELEASE\spring-core-3.2.8.RELEASE.jar;E:\eclipse\maven\repositary\commons-logging\commons-logging\1.1.3\commons-logging-1.1.3.jar;E:\eclipse\maven\repositary\org\springframework\spring-expression\3.2.8.RELEASE\spring-expression-3.2.8.RELEASE.jar;E:\eclipse\maven\repositary\org\springframework\spring-web\3.2.8.RELEASE\spring-web-3.2.8.RELEASE.jar;E:\eclipse\maven\repositary\jstl\jstl\1.2\jstl-1.2.jar;E:\eclipse\maven\repositary\org\springframework\spring-jdbc\3.2.8.RELEASE\spring-jdbc-3.2.8.RELEASE.jar;E:\eclipse\maven\repositary\org\springframework\spring-tx\3.2.8.RELEASE\spring-tx-3.2.8.RELEASE.jar;E:\eclipse\maven\repositary\mysql\mysql-connector-java\5.1.25\mysql-connector-java-5.1.25.jar;"/>
    <property name="java.specification.name" value="Java Platform API Specification"/>
    <property name="java.class.version" value="50.0"/>
    <property name="sun.management.compiler" value="HotSpot 64-Bit Tiered Compilers"/>
    <property name="os.version" value="6.2"/>
    <property name="user.home" value="C:\Users\pc"/>
    <property name="user.timezone" value=""/>
    <property name="java.awt.printerjob" value="sun.awt.windows.WPrinterJob"/>
    <property name="java.specification.version" value="1.6"/>
    <property name="file.encoding" value="GBK"/>
    <property name="user.name" value="pc"/>
    <property name="java.class.path" value="E:\eclipse\workspace\springmvcDemo\target\test-classes;E:\eclipse\workspace\springmvcDemo\target\classes;E:\eclipse\maven\repositary\org\springframework\spring-webmvc\3.2.8.RELEASE\spring-webmvc-3.2.8.RELEASE.jar;E:\eclipse\maven\repositary\org\springframework\spring-beans\3.2.8.RELEASE\spring-beans-3.2.8.RELEASE.jar;E:\eclipse\maven\repositary\org\springframework\spring-context\3.2.8.RELEASE\spring-context-3.2.8.RELEASE.jar;E:\eclipse\maven\repositary\org\springframework\spring-aop\3.2.8.RELEASE\spring-aop-3.2.8.RELEASE.jar;E:\eclipse\maven\repositary\aopalliance\aopalliance\1.0\aopalliance-1.0.jar;E:\eclipse\maven\repositary\org\springframework\spring-core\3.2.8.RELEASE\spring-core-3.2.8.RELEASE.jar;E:\eclipse\maven\repositary\commons-logging\commons-logging\1.1.3\commons-logging-1.1.3.jar;E:\eclipse\maven\repositary\org\springframework\spring-expression\3.2.8.RELEASE\spring-expression-3.2.8.RELEASE.jar;E:\eclipse\maven\repositary\org\springframework\spring-web\3.2.8.RELEASE\spring-web-3.2.8.RELEASE.jar;E:\eclipse\maven\repositary\jstl\jstl\1.2\jstl-1.2.jar;E:\eclipse\maven\repositary\org\springframework\spring-jdbc\3.2.8.RELEASE\spring-jdbc-3.2.8.RELEASE.jar;E:\eclipse\maven\repositary\org\springframework\spring-tx\3.2.8.RELEASE\spring-tx-3.2.8.RELEASE.jar;E:\eclipse\maven\repositary\mysql\mysql-connector-java\5.1.25\mysql-connector-java-5.1.25.jar;"/>
    <property name="java.vm.specification.version" value="1.0"/>
    <property name="sun.arch.data.model" value="64"/>
    <property name="java.home" value="C:\Program Files\java\jdk-6u45-windows-x64\jdk1.6.0_45\jre"/>
    <property name="sun.java.command" value="E:\eclipse\workspace\springmvcDemo\target\surefire\surefirebooter4790059342508478142.jar E:\eclipse\workspace\springmvcDemo\target\surefire\surefire9009128673204441773tmp E:\eclipse\workspace\springmvcDemo\target\surefire\surefire1295046603255902881tmp"/>
    <property name="java.specification.vendor" value="Sun Microsystems Inc."/>
    <property name="user.language" value="zh"/>
    <property name="awt.toolkit" value="sun.awt.windows.WToolkit"/>
    <property name="java.vm.info" value="mixed mode"/>
    <property name="java.version" value="1.6.0_45"/>
    <property name="java.ext.dirs" value="C:\Program Files\java\jdk-6u45-windows-x64\jdk1.6.0_45\jre\lib\ext;C:\windows\Sun\Java\lib\ext"/>
    <property name="sun.boot.class.path" value="C:\Program Files\java\jdk-6u45-windows-x64\jdk1.6.0_45\jre\lib\resources.jar;C:\Program Files\java\jdk-6u45-windows-x64\jdk1.6.0_45\jre\lib\rt.jar;C:\Program Files\java\jdk-6u45-windows-x64\jdk1.6.0_45\jre\lib\sunrsasign.jar;C:\Program Files\java\jdk-6u45-windows-x64\jdk1.6.0_45\jre\lib\jsse.jar;C:\Program Files\java\jdk-6u45-windows-x64\jdk1.6.0_45\jre\lib\jce.jar;C:\Program Files\java\jdk-6u45-windows-x64\jdk1.6.0_45\jre\lib\charsets.jar;C:\Program Files\java\jdk-6u45-windows-x64\jdk1.6.0_45\jre\lib\modules\jdk.boot.jar;C:\Program Files\java\jdk-6u45-windows-x64\jdk1.6.0_45\jre\classes"/>
    <property name="java.vendor" value="Sun Microsystems Inc."/>
    <property name="localRepository" value="E:\eclipse\maven\repositary"/>
    <property name="file.separator" value="\"/>
    <property name="java.vendor.url.bug" value="http://java.sun.com/cgi-bin/bugreport.cgi"/>
    <property name="sun.cpu.endian" value="little"/>
    <property name="sun.io.unicode.encoding" value="UnicodeLittle"/>
    <property name="sun.desktop" value="windows"/>
    <property name="sun.cpu.isalist" value="amd64"/>
  </properties>
</testsuite>